<?xml version="1.0" encoding="UTF-8"?>
<!-- Generated by org.testng.reporters.JUnitXMLReporter -->
<testsuite hostname="nir-shalmon" name="Surefire test" tests="3" failures="0" timestamp="19 Dec 2017 11:06:21 GMT" time="0.348" errors="0">
  <testcase name="FileInputTest" time="0.331" classname="com.rhhh.spouts.IPReaderSpoutTest"/>
  <testcase name="MultipleFileInputTest" time="0.009" classname="com.rhhh.spouts.IPReaderSpoutTest"/>
  <testcase name="SpoutNoArgsInConstructorTest" time="0.001" classname="com.rhhh.spouts.IPReaderSpoutTest"/>
</testsuite> <!-- Surefire test -->
