<?xml version="1.0" encoding="UTF-8"?>
<!-- Generated by org.testng.reporters.JUnitXMLReporter -->
<testsuite hostname="nir-shalmon" name="Surefire test" tests="8" failures="0" timestamp="25 Sep 2017 07:18:24 GMT" time="0.329" errors="0">
  <testcase name="FileInputTest" time="0.269" classname="com.rhhh.spouts.IPReaderSpoutTest"/>
  <testcase name="MultipleFileInputTest" time="0.007" classname="com.rhhh.spouts.IPReaderSpoutTest"/>
  <testcase name="SpoutNoArgsInConstructorTest" time="0.001" classname="com.rhhh.spouts.IPReaderSpoutTest"/>
  <testcase name="CountTupleCorrectly" time="0.04" classname="com.rhhh.bolts.HierarchyXLevelSpaceSavingBoltTest"/>
  <testcase name="cleanupCorrectly" time="0.003" classname="com.rhhh.bolts.HierarchyXLevelSpaceSavingBoltTest"/>
  <testcase name="illegalLevelNumber" time="0.0" classname="com.rhhh.bolts.HierarchyXLevelSpaceSavingBoltTest"/>
  <testcase name="parsingCorrectly" time="0.001" classname="com.rhhh.bolts.HierarchyXLevelSpaceSavingBoltTest"/>
  <testcase name="shouldAckIfTupleIsReceived" time="0.0" classname="com.rhhh.bolts.HierarchyXLevelSpaceSavingBoltTest"/>
</testsuite> <!-- Surefire test -->
