-------------------------------------------------------------------------------
Test set: TestSuite
-------------------------------------------------------------------------------
Tests run: 8, Failures: 2, Errors: 0, Skipped: 0, Time elapsed: 0.521 sec <<< FAILURE! - in TestSuite
CountTupleCorrectly(com.rhhh.bolts.HierarchyXLevelSpaceSavingBoltTest)  Time elapsed: 0.03 sec  <<< FAILURE!
java.lang.AssertionError: null
	at com.rhhh.bolts.HierarchyXLevelSpaceSavingBoltTest.CountTupleCorrectly(HierarchyXLevelSpaceSavingBoltTest.java:63)

shouldAckIfTupleIsReceived(com.rhhh.bolts.HierarchyXLevelSpaceSavingBoltTest)  Time elapsed: 0.003 sec  <<< FAILURE!
org.mockito.exceptions.verification.WantedButNotInvoked: 
Wanted but not invoked:
outputCollector.ack(
    Mock for Tuple, hashCode: 931496835
);
-> at com.rhhh.bolts.HierarchyXLevelSpaceSavingBoltTest.shouldAckIfTupleIsReceived(HierarchyXLevelSpaceSavingBoltTest.java:49)
Actually, there were zero interactions with this mock.

	at com.rhhh.bolts.HierarchyXLevelSpaceSavingBoltTest.shouldAckIfTupleIsReceived(HierarchyXLevelSpaceSavingBoltTest.java:49)

