<?xml version="1.0" encoding="UTF-8"?>
<testng-results skipped="0" failed="0" total="3" passed="3">
  <reporter-output>
  </reporter-output>
  <suite name="Surefire suite" duration-ms="348" started-at="2017-12-19T11:06:20Z" finished-at="2017-12-19T11:06:21Z">
    <groups>
    </groups>
    <test name="Surefire test" duration-ms="348" started-at="2017-12-19T11:06:20Z" finished-at="2017-12-19T11:06:21Z">
      <class name="com.rhhh.spouts.IPReaderSpoutTest">
        <test-method status="PASS" signature="FileInputTest()[pri:0, instance:com.rhhh.spouts.IPReaderSpoutTest@1e643faf]" name="FileInputTest" duration-ms="331" started-at="2017-12-19T13:06:20Z" finished-at="2017-12-19T13:06:21Z">
          <reporter-output>
          </reporter-output>
        </test-method> <!-- FileInputTest -->
        <test-method status="PASS" signature="MultipleFileInputTest()[pri:0, instance:com.rhhh.spouts.IPReaderSpoutTest@1e643faf]" name="MultipleFileInputTest" duration-ms="9" started-at="2017-12-19T13:06:21Z" finished-at="2017-12-19T13:06:21Z">
          <reporter-output>
          </reporter-output>
        </test-method> <!-- MultipleFileInputTest -->
        <test-method status="PASS" signature="SpoutNoArgsInConstructorTest()[pri:0, instance:com.rhhh.spouts.IPReaderSpoutTest@1e643faf]" name="SpoutNoArgsInConstructorTest" duration-ms="1" started-at="2017-12-19T13:06:21Z" finished-at="2017-12-19T13:06:21Z">
          <exception class="java.lang.IllegalArgumentException">
            <full-stacktrace>
              <![CDATA[java.lang.IllegalArgumentException
	at com.rhhh.spouts.IPReaderSpout.<init>(IPReaderSpout.java:44)
	at com.rhhh.spouts.IPReaderSpoutTest.SpoutNoArgsInConstructorTest(IPReaderSpoutTest.java:19)
	at sun.reflect.NativeMethodAccessorImpl.invoke0(Native Method)
	at sun.reflect.NativeMethodAccessorImpl.invoke(NativeMethodAccessorImpl.java:62)
	at sun.reflect.DelegatingMethodAccessorImpl.invoke(DelegatingMethodAccessorImpl.java:43)
	at java.lang.reflect.Method.invoke(Method.java:498)
	at org.testng.internal.MethodInvocationHelper.invokeMethod(MethodInvocationHelper.java:84)
	at org.testng.internal.Invoker.invokeMethod(Invoker.java:714)
	at org.testng.internal.Invoker.invokeTestMethod(Invoker.java:901)
	at org.testng.internal.Invoker.invokeTestMethods(Invoker.java:1231)
	at org.testng.internal.TestMethodWorker.invokeTestMethods(TestMethodWorker.java:127)
	at org.testng.internal.TestMethodWorker.run(TestMethodWorker.java:111)
	at org.testng.TestRunner.privateRun(TestRunner.java:767)
	at org.testng.TestRunner.run(TestRunner.java:617)
	at org.testng.SuiteRunner.runTest(SuiteRunner.java:334)
	at org.testng.SuiteRunner.runSequentially(SuiteRunner.java:329)
	at org.testng.SuiteRunner.privateRun(SuiteRunner.java:291)
	at org.testng.SuiteRunner.run(SuiteRunner.java:240)
	at org.testng.SuiteRunnerWorker.runSuite(SuiteRunnerWorker.java:52)
	at org.testng.SuiteRunnerWorker.run(SuiteRunnerWorker.java:86)
	at org.testng.TestNG.runSuitesSequentially(TestNG.java:1224)
	at org.testng.TestNG.runSuitesLocally(TestNG.java:1149)
	at org.testng.TestNG.run(TestNG.java:1057)
	at org.apache.maven.surefire.testng.TestNGExecutor.run(TestNGExecutor.java:115)
	at org.apache.maven.surefire.testng.TestNGDirectoryTestSuite.executeSingleClass(TestNGDirectoryTestSuite.java:129)
	at org.apache.maven.surefire.testng.TestNGDirectoryTestSuite.execute(TestNGDirectoryTestSuite.java:113)
	at org.apache.maven.surefire.testng.TestNGProvider.invoke(TestNGProvider.java:111)
	at org.apache.maven.surefire.booter.ForkedBooter.invokeProviderInSameClassLoader(ForkedBooter.java:203)
	at org.apache.maven.surefire.booter.ForkedBooter.runSuitesInProcess(ForkedBooter.java:155)
	at org.apache.maven.surefire.booter.ForkedBooter.main(ForkedBooter.java:103)
]]>
            </full-stacktrace>
          </exception> <!-- java.lang.IllegalArgumentException -->
          <reporter-output>
          </reporter-output>
        </test-method> <!-- SpoutNoArgsInConstructorTest -->
      </class> <!-- com.rhhh.spouts.IPReaderSpoutTest -->
    </test> <!-- Surefire test -->
  </suite> <!-- Surefire suite -->
</testng-results>
