<?xml version="1.0" encoding="UTF-8"?>
<testsuite name="TestSuite" time="0.334" tests="8" errors="0" skipped="0" failures="2">
  <properties>
[...]
</properties>
  <testcase name="FileInputTest" classname="com.rhhh.spouts.IPReaderSpoutTest" time="0.287"/>
  <testcase name="MultipleFileInputTest" classname="com.rhhh.spouts.IPReaderSpoutTest" time="0.009"/>
  <testcase name="SpoutNoArgsInConstructorTest" classname="com.rhhh.spouts.IPReaderSpoutTest" time="0"/>
  <testcase name="CountTupleCorrectly" classname="com.rhhh.bolts.HierarchyXLevelSpaceSavingBoltTest" time="0.03">
    <failure type="java.lang.AssertionError:">java.lang.AssertionError: null
	at com.rhhh.bolts.HierarchyXLevelSpaceSavingBoltTest.CountTupleCorrectly(HierarchyXLevelSpaceSavingBoltTest.java:63)
</failure>
  </testcase>
  <testcase name="cleanupCorrectly" classname="com.rhhh.bolts.HierarchyXLevelSpaceSavingBoltTest" time="0.004"/>
  <testcase name="illegalLevelNumber" classname="com.rhhh.bolts.HierarchyXLevelSpaceSavingBoltTest" time="0"/>
  <testcase name="parsingCorrectly" classname="com.rhhh.bolts.HierarchyXLevelSpaceSavingBoltTest" time="0.001"/>
  <testcase name="shouldAckIfTupleIsReceived" classname="com.rhhh.bolts.HierarchyXLevelSpaceSavingBoltTest" time="0.003">
    <failure message="&#10;Wanted but not invoked:&#10;outputCollector.ack(&#10;    Mock for Tuple, hashCode: 931496835&#10;);&#10;-&gt; at com.rhhh.bolts.HierarchyXLevelSpaceSavingBoltTest.shouldAckIfTupleIsReceived(HierarchyXLevelSpaceSavingBoltTest.java:49)&#10;Actually, there were zero interactions with this mock.&#10;" type="org.mockito.exceptions.verification.WantedButNotInvoked">org.mockito.exceptions.verification.WantedButNotInvoked: 
Wanted but not invoked:
outputCollector.ack(
    Mock for Tuple, hashCode: 931496835
);
-> at com.rhhh.bolts.HierarchyXLevelSpaceSavingBoltTest.shouldAckIfTupleIsReceived(HierarchyXLevelSpaceSavingBoltTest.java:49)
Actually, there were zero interactions with this mock.

	at com.rhhh.bolts.HierarchyXLevelSpaceSavingBoltTest.shouldAckIfTupleIsReceived(HierarchyXLevelSpaceSavingBoltTest.java:49)
</failure>
  </testcase>
</testsuite>